(---------------------------------------------------------------------)
(                                                                     )
(    NC DRILL Log                                                     )
(                                                                     )
(    Drawing          : demo.brd                                      )
(    Software Version : 25.1S020                                      )
(    Date/Time        : Sat Mar  7 00:32:32 2026                      )
(                                                                     )
(---------------------------------------------------------------------)



 Processing NC Parameters file 'nc_param.txt' ...

 NC PARAMETERS
 -------------

 FORMAT   		2.5
 MACHINE-OFFSET		x:0.00000	y:0.00000   (mm)
 FEEDRATE		1
 COORDINATES		ABSOLUTE
 OUTPUT-UNITS		METRIC
 TOOL-ORDER		INCREASING
 REPEAT-CODES		YES
 SUPPRESS-LEAD-ZEROES	NO
 SUPPRESS-TRAIL-ZEROES	NO
 SUPPRESS-EQUAL		NO
 TOOL-SELECT		NO
 HEADER			none
 LEADER			12
 CODE			ASCII
 SEPARATE		NO
 SEPARATE-ROUTING	NO
 OPTIMIZE_DRILLING	NO
 ENHANCED_EXCELLON	YES
 SCALE			1.000000



 Drill files being output to directory 'D:/OrCAD_Projects/day-05/Board' ...



     'demo-1-2.drl' created for holes connecting TOP and BOTTOM
     ----------------------------------------------------------

           Num     Size      +/- Tolerance     Plating   Quantity

            1.   0.5000    0.0000/  0.0000      PLATED          1
            2.   1.2000    0.0000/  0.0000      PLATED          2
            3.   3.0000    0.0000/  0.0000      PLATED          5

     ---- Total holes:                                          8

     ---- Total head travel:              0.35 feet (0.11 meters)




     'demo-sq-1-2.drl' created for square holes connecting TOP and BOTTOM ; Rotation = 0
     -----------------------------------------------------------------------------------

           Num     Size      +/- Tolerance     Plating   Quantity

            1.   0.5000    0.0000/  0.0000      PLATED          1

     ---- Total holes:                                          1

     ---- Total head travel:              0.00 feet (0.00 meters)

