(---------------------------------------------------------------------)
(                                                                     )
(    Allegro Netrev Import Logic                                      )
(                                                                     )
(    Drawing          : demo.brd                                      )
(    Software Version : 25.1S020                                      )
(    Date/Time        : Fri Mar  6 22:12:11 2026                      )
(                                                                     )
(---------------------------------------------------------------------)


------ Directives ------------

Ripup etch:                  No
Ripup delete first segment:  No
Ripup retain bondwire:       No
Ripup symbols:               Always
Missing symbol has error:    No
DRC update:                  Yes
Schematic directory:         'D:/orcad_projects/day-05/Netlist'
Design Directory:            'D:/orcad_projects/day-05/Board'
Old design name:             'demo.brd'
New design name:             'demo.brd'

CmdLine: netrev -$ -i D:/orcad_projects/day-05/Netlist -y 1 -h -q netrev_constraint_report.xml D:/orcad_projects/day-05/Board/#Taaaare24144.tmp

------ Preparing to read pst files ------

Starting to read D:/orcad_projects/day-05/Netlist/pstchip.dat 
   Finished reading D:/orcad_projects/day-05/Netlist/pstchip.dat (00:00:00.02)
Starting to read D:/orcad_projects/day-05/Netlist/pstxprt.dat 
   Finished reading D:/orcad_projects/day-05/Netlist/pstxprt.dat (00:00:00.00)
Starting to read D:/orcad_projects/day-05/Netlist/pstxnet.dat 
   Finished reading D:/orcad_projects/day-05/Netlist/pstxnet.dat (00:00:00.00)

------ Oversights/Warnings/Errors ------


------ Library Paths ------
MODULEPATH =  . 
           c:/cadence/orcadx_25.1/share/local/pcb/modules 

PSMPATH =  . 
           symbols 
           .. 
           ../symbols 
           c:/cadence/orcadx_25.1/share/local/pcb/symbols 
           c:/cadence/orcadx_25.1/share/pcb/pcb_lib/symbols 
           c:/cadence/orcadx_25.1/share/pcb/allegrolib/symbols 
           D:/OrCAD_Projects/day-05/footprints 

PADPATH =  . 
           symbols 
           .. 
           ../symbols 
           c:/cadence/orcadx_25.1/share/local/pcb/padstacks 
           c:/cadence/orcadx_25.1/share/pcb/pcb_lib/symbols 
           c:/cadence/orcadx_25.1/share/pcb/allegrolib/symbols 
           D:/OrCAD_Projects/day-05/footprints 


------ Summary Statistics ------


netrev run on Mar 6 22:12:11 2026
   DESIGN NAME : 'DAY-03'
   PACKAGING ON Feb  5 2026 13:43:38

   COMPILE 'logic'
   CHECK_PIN_NAMES OFF
   CROSS_REFERENCE OFF
   FEEDBACK OFF
   INCREMENTAL OFF
   INTERFACE_TYPE PHYSICAL
   MAX_ERRORS 500
   MERGE_MINIMUM 5
   NET_NAME_CHARS '#%&()*+-./:=>?@[]^_`|'
   NET_NAME_LENGTH 24
   OVERSIGHTS ON
   REPLACE_CHECK OFF
   SINGLE_NODE_NETS ON
   SPLIT_MINIMUM 0
   SUPPRESS   20
   WARNINGS ON

 No error detected
 No oversight detected
 No warning detected

cpu time      0:00:43
elapsed time  0:00:00

