(---------------------------------------------------------------------)
(                                                                     )
(    Allegro Netrev Import Logic                                      )
(                                                                     )
(    Drawing          : day-03.brd                                    )
(    Software Version : 25.1S020                                      )
(    Date/Time        : Fri Mar  6 21:50:00 2026                      )
(                                                                     )
(---------------------------------------------------------------------)


------ Directives ------------

Ripup etch:                  No
Ripup delete first segment:  No
Ripup retain bondwire:       No
Ripup symbols:               Always
Missing symbol has error:    No
DRC update:                  Yes
Schematic directory:         'D:\OrCAD_Projects\day-05\Netlist'
Design Directory:            'd:/orcad_projects/day-05/board'
Old design name:             'd:/orcad_projects/day-05/board/day-03.brd'
New design name:             'd:/orcad_projects/day-05/board/day-03.brd'

CmdLine: netrev.exe -y 1 -n -i D:\OrCAD_Projects\day-05\Netlist d:/orcad_projects/day-05/board/day-03.brd d:/orcad_projects/day-05/board/day-03.brd

------ Preparing to read pst files ------

Starting to read D:/OrCAD_Projects/day-05/Netlist/pstchip.dat 
   Finished reading D:/OrCAD_Projects/day-05/Netlist/pstchip.dat (00:00:00.02)
Starting to read D:/OrCAD_Projects/day-05/Netlist/pstxprt.dat 
   Finished reading D:/OrCAD_Projects/day-05/Netlist/pstxprt.dat (00:00:00.00)
Starting to read D:/OrCAD_Projects/day-05/Netlist/pstxnet.dat 
   Finished reading D:/OrCAD_Projects/day-05/Netlist/pstxnet.dat (00:00:00.00)

------ Oversights/Warnings/Errors ------


#1   WARNING(SPMHNI-192): Device/Symbol check warning detected. [help]

WARNING(SPMHNI-194): Symbol 'LED' used by RefDes D1 for device 'LED_LED_LED' not found. 
The symbol either does not exist in the library path (PSMPATH) or is an old symbol from a previous release.  

Set the correct library path if not set or use dbdoctor to migrate old symbols.

#2   WARNING(SPMHNI-192): Device/Symbol check warning detected. [help]

WARNING(SPMHNI-194): Symbol 'HEADER' used by RefDes J1 for device 'HEADER-2_HEADER_HEADER-2' not found. 
The symbol either does not exist in the library path (PSMPATH) or is an old symbol from a previous release.  

Set the correct library path if not set or use dbdoctor to migrate old symbols.

#3   WARNING(SPMHNI-192): Device/Symbol check warning detected. [help]

WARNING(SPMHNI-194): Symbol 'RES' used by RefDes R1 for device 'RESISTOR_RES_RESISTOR' not found. 
The symbol either does not exist in the library path (PSMPATH) or is an old symbol from a previous release.  

Set the correct library path if not set or use dbdoctor to migrate old symbols.

------ Library Paths ------
MODULEPATH =  . 
           c:/cadence/orcadx_25.1/share/orApps/OrCaptureApp/../../../share/local/pcb/modules 

PSMPATH =  . 
           symbols 
           .. 
           ../symbols 
           c:/cadence/orcadx_25.1/share/orApps/OrCaptureApp/../../../share/local/pcb/symbols 
           c:/cadence/orcadx_25.1/share/orApps/OrCaptureApp/../../../share/pcb/pcb_lib/symbols 
           c:/cadence/orcadx_25.1/share/orApps/OrCaptureApp/../../../share/pcb/allegrolib/symbols 

PADPATH =  . 
           symbols 
           .. 
           ../symbols 
           c:/cadence/orcadx_25.1/share/orApps/OrCaptureApp/../../../share/local/pcb/padstacks 
           c:/cadence/orcadx_25.1/share/orApps/OrCaptureApp/../../../share/pcb/pcb_lib/symbols 
           c:/cadence/orcadx_25.1/share/orApps/OrCaptureApp/../../../share/pcb/allegrolib/symbols 


------ Summary Statistics ------


netrev run on Mar 6 21:50:00 2026
   DESIGN NAME : 'DAY-03'
   PACKAGING ON Feb  5 2026 13:43:38

   COMPILE 'logic'
   CHECK_PIN_NAMES OFF
   CROSS_REFERENCE OFF
   FEEDBACK OFF
   INCREMENTAL OFF
   INTERFACE_TYPE PHYSICAL
   MAX_ERRORS 500
   MERGE_MINIMUM 5
   NET_NAME_CHARS '#%&()*+-./:=>?@[]^_`|'
   NET_NAME_LENGTH 24
   OVERSIGHTS ON
   REPLACE_CHECK OFF
   SINGLE_NODE_NETS ON
   SPLIT_MINIMUM 0
   SUPPRESS   20
   WARNINGS ON

 No error detected
 No oversight detected
  3 warnings detected

cpu time      0:00:31
elapsed time  0:00:01

